<?xml version="1.0" encoding="UTF-8"?>
<coverage generated="1646426740308" clover="3.2.0">
  <project timestamp="1646426740308" name="All files">
    <metrics statements="63" coveredstatements="59" conditionals="29" coveredconditionals="21" methods="14" coveredmethods="14" elements="106" coveredelements="94" complexity="0" loc="63" ncloc="63" packages="7" files="7" classes="7">
      <package name="src">
        <metrics statements="8" coveredstatements="8" conditionals="0" coveredconditionals="0" methods="2" coveredmethods="2"/>
        <file name="setupTests.js" path="/Users/pembe/Projects/xest-music-api/music-api/src/setupTests.js">
          <metrics statements="8" coveredstatements="8" conditionals="0" coveredconditionals="0" methods="2" coveredmethods="2"/>
          <line num="1" count="5" type="stmt"/>
          <line num="2" count="5" type="stmt"/>
          <line num="4" count="5" type="stmt"/>
          <line num="7" count="5" type="stmt"/>
          <line num="10" count="5" type="stmt"/>
          <line num="11" count="5" type="stmt"/>
          <line num="12" count="5" type="stmt"/>
          <line num="13" count="5" type="stmt"/>
        </file>
      </package>
      <package name="src.utils.generateAsciiTable">
        <metrics statements="8" coveredstatements="8" conditionals="3" coveredconditionals="0" methods="2" coveredmethods="2"/>
        <file name="index.js" path="/Users/pembe/Projects/xest-music-api/music-api/src/utils/generateAsciiTable/index.js">
          <metrics statements="8" coveredstatements="8" conditionals="3" coveredconditionals="0" methods="2" coveredmethods="2"/>
          <line num="1" count="1" type="stmt"/>
          <line num="3" count="1" type="stmt"/>
          <line num="8" count="1" type="stmt"/>
          <line num="9" count="1" type="stmt"/>
          <line num="10" count="1" type="stmt"/>
          <line num="11" count="3" type="stmt"/>
          <line num="13" count="1" type="stmt"/>
          <line num="16" count="1" type="stmt"/>
        </file>
      </package>
      <package name="src.utils.isUnsafeProdDatabase">
        <metrics statements="13" coveredstatements="9" conditionals="12" coveredconditionals="7" methods="1" coveredmethods="1"/>
        <file name="index.js" path="/Users/pembe/Projects/xest-music-api/music-api/src/utils/isUnsafeProdDatabase/index.js">
          <metrics statements="13" coveredstatements="9" conditionals="12" coveredconditionals="7" methods="1" coveredmethods="1"/>
          <line num="2" count="5" type="stmt"/>
          <line num="3" count="5" type="stmt"/>
          <line num="6" count="5" type="stmt"/>
          <line num="8" count="5" type="cond" truecount="2" falsecount="0"/>
          <line num="9" count="5" type="cond" truecount="2" falsecount="2"/>
          <line num="10" count="0" type="stmt"/>
          <line num="13" count="0" type="stmt"/>
          <line num="16" count="5" type="cond" truecount="2" falsecount="2"/>
          <line num="17" count="0" type="stmt"/>
          <line num="19" count="5" type="cond" truecount="1" falsecount="1"/>
          <line num="20" count="0" type="stmt"/>
          <line num="22" count="5" type="stmt"/>
          <line num="25" count="5" type="stmt"/>
        </file>
      </package>
      <package name="src.utils.nestTabularData">
        <metrics statements="11" coveredstatements="11" conditionals="3" coveredconditionals="3" methods="4" coveredmethods="4"/>
        <file name="index.js" path="/Users/pembe/Projects/xest-music-api/music-api/src/utils/nestTabularData/index.js">
          <metrics statements="11" coveredstatements="11" conditionals="3" coveredconditionals="3" methods="4" coveredmethods="4"/>
          <line num="1" count="1" type="stmt"/>
          <line num="3" count="1" type="cond" truecount="1" falsecount="0"/>
          <line num="8" count="2" type="stmt"/>
          <line num="9" count="2" type="stmt"/>
          <line num="10" count="2" type="stmt"/>
          <line num="12" count="2" type="stmt"/>
          <line num="13" count="4" type="stmt"/>
          <line num="16" count="8" type="stmt"/>
          <line num="17" count="8" type="stmt"/>
          <line num="21" count="19" type="stmt"/>
          <line num="26" count="1" type="stmt"/>
        </file>
      </package>
      <package name="src.utils.parseJWTPayload">
        <metrics statements="8" coveredstatements="8" conditionals="0" coveredconditionals="0" methods="1" coveredmethods="1"/>
        <file name="index.js" path="/Users/pembe/Projects/xest-music-api/music-api/src/utils/parseJWTPayload/index.js">
          <metrics statements="8" coveredstatements="8" conditionals="0" coveredconditionals="0" methods="1" coveredmethods="1"/>
          <line num="1" count="1" type="stmt"/>
          <line num="3" count="1" type="stmt"/>
          <line num="4" count="2" type="stmt"/>
          <line num="5" count="2" type="stmt"/>
          <line num="6" count="2" type="stmt"/>
          <line num="7" count="1" type="stmt"/>
          <line num="9" count="1" type="stmt"/>
          <line num="13" count="1" type="stmt"/>
        </file>
      </package>
      <package name="src.utils.plur">
        <metrics statements="7" coveredstatements="7" conditionals="9" coveredconditionals="9" methods="1" coveredmethods="1"/>
        <file name="index.js" path="/Users/pembe/Projects/xest-music-api/music-api/src/utils/plur/index.js">
          <metrics statements="7" coveredstatements="7" conditionals="9" coveredconditionals="9" methods="1" coveredmethods="1"/>
          <line num="1" count="1" type="cond" truecount="1" falsecount="0"/>
          <line num="3" count="8" type="cond" truecount="2" falsecount="0"/>
          <line num="4" count="8" type="cond" truecount="2" falsecount="0"/>
          <line num="5" count="8" type="cond" truecount="4" falsecount="0"/>
          <line num="6" count="5" type="stmt"/>
          <line num="9" count="3" type="stmt"/>
          <line num="12" count="1" type="stmt"/>
        </file>
      </package>
      <package name="src.utils.restrictKeys">
        <metrics statements="8" coveredstatements="8" conditionals="2" coveredconditionals="2" methods="3" coveredmethods="3"/>
        <file name="index.js" path="/Users/pembe/Projects/xest-music-api/music-api/src/utils/restrictKeys/index.js">
          <metrics statements="8" coveredstatements="8" conditionals="2" coveredconditionals="2" methods="3" coveredmethods="3"/>
          <line num="1" count="1" type="stmt"/>
          <line num="2" count="3" type="stmt"/>
          <line num="3" count="3" type="stmt"/>
          <line num="4" count="14" type="stmt"/>
          <line num="6" count="3" type="cond" truecount="2" falsecount="0"/>
          <line num="7" count="2" type="stmt"/>
          <line num="9" count="1" type="stmt"/>
          <line num="12" count="1" type="stmt"/>
        </file>
      </package>
    </metrics>
  </project>
</coverage>
