TN:
SF:/Users/pembe/Projects/xest-music-api/music-api/src/setupTests.js
FN:10,(anonymous_0)
FN:12,(anonymous_1)
FNF:2
FNH:2
FNDA:5,(anonymous_0)
FNDA:5,(anonymous_1)
DA:1,5
DA:2,5
DA:4,5
DA:7,5
DA:10,5
DA:11,5
DA:12,5
DA:13,5
LF:8
LH:8
BRF:0
BRH:0
end_of_record
TN:
SF:/Users/pembe/Projects/xest-music-api/music-api/src/utils/generateAsciiTable/index.js
FN:3,(anonymous_0)
FN:10,(anonymous_1)
FNF:2
FNH:2
FNDA:1,(anonymous_0)
FNDA:3,(anonymous_1)
DA:1,1
DA:3,1
DA:8,1
DA:9,1
DA:10,1
DA:11,3
DA:13,1
DA:16,1
LF:8
LH:8
BRDA:4,0,0,0
BRDA:5,1,0,0
BRDA:6,2,0,0
BRF:3
BRH:0
end_of_record
TN:
SF:/Users/pembe/Projects/xest-music-api/music-api/src/utils/isUnsafeProdDatabase/index.js
FN:2,(anonymous_0)
FNF:1
FNH:1
FNDA:5,(anonymous_0)
DA:2,5
DA:3,5
DA:6,5
DA:8,5
DA:9,5
DA:10,0
DA:13,0
DA:16,5
DA:17,0
DA:19,5
DA:20,0
DA:22,5
DA:25,5
LF:13
LH:9
BRDA:8,0,0,5
BRDA:8,0,1,5
BRDA:9,1,0,0
BRDA:9,1,1,5
BRDA:9,2,0,5
BRDA:9,2,1,0
BRDA:16,3,0,0
BRDA:16,3,1,5
BRDA:16,4,0,5
BRDA:16,4,1,0
BRDA:19,5,0,0
BRDA:19,5,1,5
BRF:12
BRH:7
end_of_record
TN:
SF:/Users/pembe/Projects/xest-music-api/music-api/src/utils/nestTabularData/index.js
FN:3,(anonymous_0)
FN:12,(anonymous_1)
FN:15,(anonymous_2)
FN:21,(anonymous_3)
FNF:4
FNH:4
FNDA:2,(anonymous_0)
FNDA:4,(anonymous_1)
FNDA:8,(anonymous_2)
FNDA:19,(anonymous_3)
DA:1,1
DA:3,1
DA:8,2
DA:9,2
DA:10,2
DA:12,2
DA:13,4
DA:16,8
DA:17,8
DA:21,19
DA:26,1
LF:11
LH:11
BRDA:3,0,0,1
BRDA:19,1,0,1
BRDA:19,1,1,3
BRF:3
BRH:3
end_of_record
TN:
SF:/Users/pembe/Projects/xest-music-api/music-api/src/utils/parseJWTPayload/index.js
FN:3,(anonymous_0)
FNF:1
FNH:1
FNDA:2,(anonymous_0)
DA:1,1
DA:3,1
DA:4,2
DA:5,2
DA:6,2
DA:7,1
DA:9,1
DA:13,1
LF:8
LH:8
BRF:0
BRH:0
end_of_record
TN:
SF:/Users/pembe/Projects/xest-music-api/music-api/src/utils/plur/index.js
FN:1,(anonymous_0)
FNF:1
FNH:1
FNDA:8,(anonymous_0)
DA:1,1
DA:3,8
DA:4,8
DA:5,8
DA:6,5
DA:9,3
DA:12,1
LF:7
LH:7
BRDA:1,0,0,7
BRDA:3,1,0,8
BRDA:3,1,1,8
BRDA:4,2,0,4
BRDA:4,2,1,4
BRDA:5,3,0,5
BRDA:5,3,1,3
BRDA:5,4,0,8
BRDA:5,4,1,7
BRF:9
BRH:9
end_of_record
TN:
SF:/Users/pembe/Projects/xest-music-api/music-api/src/utils/restrictKeys/index.js
FN:1,(anonymous_0)
FN:3,(anonymous_1)
FN:4,(anonymous_2)
FNF:3
FNH:3
FNDA:3,(anonymous_0)
FNDA:6,(anonymous_1)
FNDA:14,(anonymous_2)
DA:1,1
DA:2,3
DA:3,3
DA:4,14
DA:6,3
DA:7,2
DA:9,1
DA:12,1
LF:8
LH:8
BRDA:6,0,0,2
BRDA:6,0,1,1
BRF:2
BRH:2
end_of_record
